2026-07-06 13:09:20,155 [Worker-2: Loading available Gradle versions] INFO  o.e.b.c.i.u.g.PublishedGradleVersions - Gradle version information cache is not available. Remote download required.
2026-07-06 15:00:49,089 [Worker-5: Loading available Gradle versions] INFO  o.e.b.c.i.u.g.PublishedGradleVersions - Gradle version information cache is not available. Remote download required.
2026-07-06 15:04:55,601 [Worker-12: https://download.jboss.org/jbosstools/photon/stable/updates/site.xml] INFO  o.a.h.c.h.i.c.HttpRequestRetryExec - ex-0000000020 https://download.jboss.org:443 responded with status 503; request will be automatically re-executed in 1 SECONDS (exec count 2)
2026-07-06 15:04:59,210 [Worker-12: https://download.jboss.org/jbosstools/photon/stable/updates/compositeContent.jar] INFO  o.a.h.c.h.i.c.HttpRequestRetryExec - ex-0000000032 https://download.jboss.org:443 responded with status 503; request will be automatically re-executed in 1 SECONDS (exec count 2)
2026-07-06 15:05:01,967 [Worker-19: https://download.jboss.org/jbosstools/targetplatforms/jbosstoolstarget/4.29.0.Final-SNAPSHOT/REPO/p2.index] INFO  o.a.h.c.h.i.c.HttpRequestRetryExec - ex-0000000047 https://download.jboss.org:443 responded with status 503; request will be automatically re-executed in 1 SECONDS (exec count 2)
2026-07-06 15:05:07,537 [Worker-20: https://download.jboss.org/jbosstools/targetplatforms/jbtcentraltarget/4.28.0.AM1-SNAPSHOT/REPO/p2.index] INFO  o.a.h.c.h.i.c.HttpRequestRetryExec - ex-0000000067 https://download.jboss.org:443 responded with status 503; request will be automatically re-executed in 1 SECONDS (exec count 2)
2026-07-06 15:08:37,148 [Worker-9: https://download.jboss.org/jbosstools/photon/stable/updates/site.xml] INFO  o.a.h.c.h.i.c.HttpRequestRetryExec - ex-0000000217 https://download.jboss.org:443 responded with status 503; request will be automatically re-executed in 1 SECONDS (exec count 2)
2026-07-06 15:08:39,825 [Worker-23: https://download.jboss.org/jbosstools/photon/stable/updates/compositeContent.jar] INFO  o.a.h.c.h.i.c.HttpRequestRetryExec - ex-0000000223 https://download.jboss.org:443 responded with status 503; request will be automatically re-executed in 1 SECONDS (exec count 2)
2026-07-07 20:57:29,354 [Worker-3: Loading available Gradle versions] INFO  o.e.b.c.i.u.g.PublishedGradleVersions - Gradle version information cache is out-of-date. Trying to update.
2026-07-07 22:19:47,721 [Worker-4: Loading available Gradle versions] INFO  o.e.b.c.i.u.g.PublishedGradleVersions - Gradle version information cache is up-to-date. Trying to read.
2026-07-08 21:16:06,334 [Worker-4: Loading available Gradle versions] INFO  o.e.b.c.i.u.g.PublishedGradleVersions - Gradle version information cache is out-of-date. Trying to update.
2026-07-10 16:55:23,654 [Worker-4: Loading available Gradle versions] INFO  o.e.b.c.i.u.g.PublishedGradleVersions - Gradle version information cache is out-of-date. Trying to update.
2026-07-12 16:13:07,669 [Worker-7: Loading available Gradle versions] INFO  o.e.b.c.i.u.g.PublishedGradleVersions - Gradle version information cache is out-of-date. Trying to update.
2026-07-12 20:39:36,046 [Worker-117: Updating Maven Project] INFO  o.e.m.c.i.p.ProjectConfigurationManager - Update started
2026-07-12 20:39:36,063 [Worker-117: Updating Maven Project] INFO  o.e.m.c.i.p.ProjectConfigurationManager - Update completed for 0 poms: local refresh takes 0.00 sec, refresh facades takes 0.00 sec, update config takes 0.00 sec 
2026-07-12 20:49:06,313 [Worker-124: Updating Maven Project] INFO  o.e.m.c.i.p.ProjectConfigurationManager - Update started
2026-07-12 20:49:06,314 [Worker-124: Updating Maven Project] INFO  o.e.m.c.i.p.ProjectConfigurationManager - Update completed for 0 poms: local refresh takes 0.00 sec, refresh facades takes 0.00 sec, update config takes 0.00 sec 
2026-07-12 20:53:23,865 [Worker-129: Updating Maven Project] INFO  o.e.m.c.i.p.ProjectConfigurationManager - Update started
2026-07-12 20:53:23,867 [Worker-129: Updating Maven Project] INFO  o.e.m.c.i.p.ProjectConfigurationManager - Update completed for 0 poms: local refresh takes 0.00 sec, refresh facades takes 0.00 sec, update config takes 0.00 sec 
2026-07-12 22:58:09,757 [Worker-6: Loading available Gradle versions] INFO  o.e.b.c.i.u.g.PublishedGradleVersions - Gradle version information cache is up-to-date. Trying to read.
2026-07-13 17:23:42,156 [Worker-2: Loading available Gradle versions] INFO  o.e.b.c.i.u.g.PublishedGradleVersions - Gradle version information cache is out-of-date. Trying to update.
2026-07-13 17:23:42,645 [Worker-2: Loading available Gradle versions] INFO  o.e.b.c.i.u.g.PublishedGradleVersions - Updating Gradle version information cache failed. Using outdated cache.
2026-07-13 18:06:09,912 [Worker-15: Loading available Gradle versions] INFO  o.e.b.c.i.u.g.PublishedGradleVersions - Gradle version information cache is out-of-date. Trying to update.
